[17:58:23.67] Debug: Running build Release_2021.0.0_2004 on windows
[17:58:23.68] Info: Starting initialize.
[17:58:23.68] Info: Ending initialize.
[17:58:23.69] Info: Starting iteration 1.
[17:58:23.69] Debug: Parameter userID (sequential) is taken from row 0
[17:58:23.69] Info: Parameter Substitution: 'userID = Mercury'	(./main.js:16:37)
[17:58:23.69] Debug: Parameter userPWD (same as userID) is taken from row 0
[17:58:23.69] Info: Parameter Substitution: 'userPWD = Mercury'	(./main.js:16:61)
[17:58:23.69] Info: Using: [Mercury : Mercury]	(./main.js:16:10)
[17:58:23.69] Info: Transaction 'AOS_landing_page' started.	(./main.js:18:9)
[17:58:23.70] Info: WebRequest [Id: 1] 'https://www.advantageonlineshopping.com/' registered to send (sync).	(./main.js:59:8)
[17:58:23.70] Trace: Request [Id: 1] 'https://www.advantageonlineshopping.com/': 
GET / HTTP/1.1
Host: www.advantageonlineshopping.com
User-Agent: Mozilla/5.0 (Windows NT 6.1; Win64; x64) AppleWebKit/537.36 (KHTML, like Gecko) Chrome/63.0.3239.132 Safari/537.36
Accept: text/html,application/xhtml+xml,application/xml;q=0.9,image/webp,image/apng,*/*;q=0.8
Accept-Encoding: gzip, deflate
Accept-Language: en-US,en;q=0.9
Upgrade-Insecure-Requests: 1


[17:58:23.70] Debug: Request [Id: 1]: GET 'https://www.advantageonlineshopping.com/' started.
[17:58:23.70] Trace: Request [Id: 1]: Connecting tcp socket to host 107.23.171.213:443.
[17:58:23.71] Trace: Request [Id: 1]: Connection to host 107.23.171.213:443 done.
[17:58:23.75] Trace: TLS session version: 1.2 cipher: TLS_ECDHE_RSA_WITH_AES_256_GCM_SHA384
[17:58:23.75] Trace: Request [Id: 1]: New connection from 192.168.58.129:50003 to 107.23.171.213:443 in 11 ms.
[17:58:23.78] Debug: Request [Id: 1]: GET 'https://www.advantageonlineshopping.com/' done. Status 200 OK. HTTP/2.0
[17:58:23.78] Trace: Response 'https://www.advantageonlineshopping.com/': 
HTTP/2.0 200 OK
Connection: close
Accept-Ranges: bytes
Cache-Control: max-age=0
Content-Encoding: gzip
Content-Type: text/html
Date: Tue, 11 May 2021 17:58:21 GMT
Etag: W/"10827-1612199286000"
Expires: Tue, 11 May 2021 17:58:21 GMT
Last-Modified: Mon, 01 Feb 2021 17:08:06 GMT
Server: nginx/1.14.0 (Ubuntu)
Strict-Transport-Security: max-age=31536000; includeSubDomains; preload
Vary: accept-encoding


[17:58:23.78] Trace: Request [Id: 1.2] 'http://www.advantageonlineshopping.com/css/images/Down_arrow.svg': 
GET /css/images/Down_arrow.svg HTTP/1.1
Host: www.advantageonlineshopping.com
User-Agent: Mozilla/5.0 (Windows NT 6.1; Win64; x64) AppleWebKit/537.36 (KHTML, like Gecko) Chrome/63.0.3239.132 Safari/537.36
Accept: text/html,application/xhtml+xml,application/xml;q=0.9,image/webp,image/apng,*/*;q=0.8
Accept-Encoding: gzip, deflate
Accept-Language: en-US,en;q=0.9
Referer: https://www.advantageonlineshopping.com/
Upgrade-Insecure-Requests: 1


[17:58:23.78] Debug: Request [Id: 1.2]: GET 'http://www.advantageonlineshopping.com/css/images/Down_arrow.svg' started.
[17:58:23.78] Trace: Request [Id: 1.24] 'http://www.advantageonlineshopping.com/css/images/Popular-item1.jpg': 
GET /css/images/Popular-item1.jpg HTTP/1.1
Host: www.advantageonlineshopping.com
User-Agent: Mozilla/5.0 (Windows NT 6.1; Win64; x64) AppleWebKit/537.36 (KHTML, like Gecko) Chrome/63.0.3239.132 Safari/537.36
Accept: text/html,application/xhtml+xml,application/xml;q=0.9,image/webp,image/apng,*/*;q=0.8
Accept-Encoding: gzip, deflate
Accept-Language: en-US,en;q=0.9
Referer: https://www.advantageonlineshopping.com/
Upgrade-Insecure-Requests: 1


[17:58:23.78] Debug: Request [Id: 1.24]: GET 'http://www.advantageonlineshopping.com/css/images/Popular-item1.jpg' started.
[17:58:23.78] Trace: Request [Id: 1.9] 'http://www.advantageonlineshopping.com/css/images/closeDark.png': 
GET /css/images/closeDark.png HTTP/1.1
Host: www.advantageonlineshopping.com
User-Agent: Mozilla/5.0 (Windows NT 6.1; Win64; x64) AppleWebKit/537.36 (KHTML, like Gecko) Chrome/63.0.3239.132 Safari/537.36
Accept: text/html,application/xhtml+xml,application/xml;q=0.9,image/webp,image/apng,*/*;q=0.8
Accept-Encoding: gzip, deflate
Accept-Language: en-US,en;q=0.9
Referer: https://www.advantageonlineshopping.com/
Upgrade-Insecure-Requests: 1


[17:58:23.78] Debug: Request [Id: 1.9]: GET 'http://www.advantageonlineshopping.com/css/images/closeDark.png' started.
[17:58:23.78] Trace: Request [Id: 1.10] 'http://www.advantageonlineshopping.com/catalog/api/v1/categories': 
GET /catalog/api/v1/categories HTTP/1.1
Host: www.advantageonlineshopping.com
User-Agent: Mozilla/5.0 (Windows NT 6.1; Win64; x64) AppleWebKit/537.36 (KHTML, like Gecko) Chrome/63.0.3239.132 Safari/537.36
Accept: text/html,application/xhtml+xml,application/xml;q=0.9,image/webp,image/apng,*/*;q=0.8
Accept-Encoding: gzip, deflate
Accept-Language: en-US,en;q=0.9
Referer: https://www.advantageonlineshopping.com/
Upgrade-Insecure-Requests: 1


[17:58:23.78] Debug: Request [Id: 1.10]: GET 'http://www.advantageonlineshopping.com/catalog/api/v1/categories' started.
[17:58:23.78] Trace: Request [Id: 1.9]: Connecting tcp socket to host 107.23.171.213:80.
[17:58:23.78] Trace: Request [Id: 1.3] 'http://www.advantageonlineshopping.com/vendor/requirejs/require.js': 
GET /vendor/requirejs/require.js HTTP/1.1
Host: www.advantageonlineshopping.com
User-Agent: Mozilla/5.0 (Windows NT 6.1; Win64; x64) AppleWebKit/537.36 (KHTML, like Gecko) Chrome/63.0.3239.132 Safari/537.36
Accept: text/html,application/xhtml+xml,application/xml;q=0.9,image/webp,image/apng,*/*;q=0.8
Accept-Encoding: gzip, deflate
Accept-Language: en-US,en;q=0.9
Referer: https://www.advantageonlineshopping.com/
Upgrade-Insecure-Requests: 1


[17:58:23.78] Trace: Request [Id: 1.4] 'http://www.advantageonlineshopping.com/main.min.js': 
GET /main.min.js HTTP/1.1
Host: www.advantageonlineshopping.com
User-Agent: Mozilla/5.0 (Windows NT 6.1; Win64; x64) AppleWebKit/537.36 (KHTML, like Gecko) Chrome/63.0.3239.132 Safari/537.36
Accept: text/html,application/xhtml+xml,application/xml;q=0.9,image/webp,image/apng,*/*;q=0.8
Accept-Encoding: gzip, deflate
Accept-Language: en-US,en;q=0.9
Referer: https://www.advantageonlineshopping.com/
Upgrade-Insecure-Requests: 1


[17:58:23.78] Trace: Request [Id: 1.10]: Connecting tcp socket to host 107.23.171.213:80.
[17:58:23.78] Trace: Request [Id: 1.5] 'http://www.advantageonlineshopping.com/services.properties': 
GET /services.properties HTTP/1.1
Host: www.advantageonlineshopping.com
User-Agent: Mozilla/5.0 (Windows NT 6.1; Win64; x64) AppleWebKit/537.36 (KHTML, like Gecko) Chrome/63.0.3239.132 Safari/537.36
Accept: text/html,application/xhtml+xml,application/xml;q=0.9,image/webp,image/apng,*/*;q=0.8
Accept-Encoding: gzip, deflate
Accept-Language: en-US,en;q=0.9
Referer: https://www.advantageonlineshopping.com/
Upgrade-Insecure-Requests: 1


[17:58:23.78] Trace: Request [Id: 1.11] 'http://www.advantageonlineshopping.com/catalog/api/v1/deals/search?dealOfTheDay=true': 
GET /catalog/api/v1/deals/search?dealOfTheDay=true HTTP/1.1
Host: www.advantageonlineshopping.com
User-Agent: Mozilla/5.0 (Windows NT 6.1; Win64; x64) AppleWebKit/537.36 (KHTML, like Gecko) Chrome/63.0.3239.132 Safari/537.36
Accept: text/html,application/xhtml+xml,application/xml;q=0.9,image/webp,image/apng,*/*;q=0.8
Accept-Encoding: gzip, deflate
Accept-Language: en-US,en;q=0.9
Referer: https://www.advantageonlineshopping.com/
Upgrade-Insecure-Requests: 1


[17:58:23.78] Trace: Request [Id: 1.12] 'http://www.advantageonlineshopping.com/css/images/arrow_right.png': 
GET /css/images/arrow_right.png HTTP/1.1
Host: www.advantageonlineshopping.com
User-Agent: Mozilla/5.0 (Windows NT 6.1; Win64; x64) AppleWebKit/537.36 (KHTML, like Gecko) Chrome/63.0.3239.132 Safari/537.36
Accept: text/html,application/xhtml+xml,application/xml;q=0.9,image/webp,image/apng,*/*;q=0.8
Accept-Encoding: gzip, deflate
Accept-Language: en-US,en;q=0.9
Referer: https://www.advantageonlineshopping.com/
Upgrade-Insecure-Requests: 1


[17:58:23.78] Trace: Request [Id: 1.13] 'http://www.advantageonlineshopping.com/css/images/GoUp.png': 
GET /css/images/GoUp.png HTTP/1.1
Host: www.advantageonlineshopping.com
User-Agent: Mozilla/5.0 (Windows NT 6.1; Win64; x64) AppleWebKit/537.36 (KHTML, like Gecko) Chrome/63.0.3239.132 Safari/537.36
Accept: text/html,application/xhtml+xml,application/xml;q=0.9,image/webp,image/apng,*/*;q=0.8
Accept-Encoding: gzip, deflate
Accept-Language: en-US,en;q=0.9
Referer: https://www.advantageonlineshopping.com/
Upgrade-Insecure-Requests: 1


[17:58:23.78] Trace: Request [Id: 1.14] 'http://www.advantageonlineshopping.com/css/images/Special-offer.jpg': 
GET /css/images/Special-offer.jpg HTTP/1.1
Host: www.advantageonlineshopping.com
User-Agent: Mozilla/5.0 (Windows NT 6.1; Win64; x64) AppleWebKit/537.36 (KHTML, like Gecko) Chrome/63.0.3239.132 Safari/537.36
Accept: text/html,application/xhtml+xml,application/xml;q=0.9,image/webp,image/apng,*/*;q=0.8
Accept-Encoding: gzip, deflate
Accept-Language: en-US,en;q=0.9
Referer: https://www.advantageonlineshopping.com/
Upgrade-Insecure-Requests: 1


[17:58:23.78] Trace: Request [Id: 1.15] 'http://www.advantageonlineshopping.com/css/images/chat_logo.png': 
GET /css/images/chat_logo.png HTTP/1.1
Host: www.advantageonlineshopping.com
User-Agent: Mozilla/5.0 (Windows NT 6.1; Win64; x64) AppleWebKit/537.36 (KHTML, like Gecko) Chrome/63.0.3239.132 Safari/537.36
Accept: text/html,application/xhtml+xml,application/xml;q=0.9,image/webp,image/apng,*/*;q=0.8
Accept-Encoding: gzip, deflate
Accept-Language: en-US,en;q=0.9
Referer: https://www.advantageonlineshopping.com/
Upgrade-Insecure-Requests: 1


[17:58:23.78] Trace: Request [Id: 1.16] 'http://www.advantageonlineshopping.com/css/images/facebook.png': 
GET /css/images/facebook.png HTTP/1.1
Host: www.advantageonlineshopping.com
User-Agent: Mozilla/5.0 (Windows NT 6.1; Win64; x64) AppleWebKit/537.36 (KHTML, like Gecko) Chrome/63.0.3239.132 Safari/537.36
Accept: text/html,application/xhtml+xml,application/xml;q=0.9,image/webp,image/apng,*/*;q=0.8
Accept-Encoding: gzip, deflate
Accept-Language: en-US,en;q=0.9
Referer: https://www.advantageonlineshopping.com/
Upgrade-Insecure-Requests: 1


[17:58:23.78] Trace: Request [Id: 1.17] 'http://www.advantageonlineshopping.com/css/images/twitter.png': 
GET /css/images/twitter.png HTTP/1.1
Host: www.advantageonlineshopping.com
User-Agent: Mozilla/5.0 (Windows NT 6.1; Win64; x64) AppleWebKit/537.36 (KHTML, like Gecko) Chrome/63.0.3239.132 Safari/537.36
Accept: text/html,application/xhtml+xml,application/xml;q=0.9,image/webp,image/apng,*/*;q=0.8
Accept-Encoding: gzip, deflate
Accept-Language: en-US,en;q=0.9
Referer: https://www.advantageonlineshopping.com/
Upgrade-Insecure-Requests: 1


[17:58:23.78] Trace: Request [Id: 1.7] 'http://www.advantageonlineshopping.com/catalog/api/v1/DemoAppConfig/parameters/by_tool/ALL': 
GET /catalog/api/v1/DemoAppConfig/parameters/by_tool/ALL HTTP/1.1
Host: www.advantageonlineshopping.com
User-Agent: Mozilla/5.0 (Windows NT 6.1; Win64; x64) AppleWebKit/537.36 (KHTML, like Gecko) Chrome/63.0.3239.132 Safari/537.36
Accept: text/html,application/xhtml+xml,application/xml;q=0.9,image/webp,image/apng,*/*;q=0.8
Accept-Encoding: gzip, deflate
Accept-Language: en-US,en;q=0.9
Referer: https://www.advantageonlineshopping.com/
Upgrade-Insecure-Requests: 1


[17:58:23.78] Trace: Request [Id: 1.19] 'http://www.advantageonlineshopping.com/css/images/Banner1.jpg': 
GET /css/images/Banner1.jpg HTTP/1.1
Host: www.advantageonlineshopping.com
User-Agent: Mozilla/5.0 (Windows NT 6.1; Win64; x64) AppleWebKit/537.36 (KHTML, like Gecko) Chrome/63.0.3239.132 Safari/537.36
Accept: text/html,application/xhtml+xml,application/xml;q=0.9,image/webp,image/apng,*/*;q=0.8
Accept-Encoding: gzip, deflate
Accept-Language: en-US,en;q=0.9
Referer: https://www.advantageonlineshopping.com/
Upgrade-Insecure-Requests: 1


[17:58:23.78] Trace: Request [Id: 1.18] 'http://www.advantageonlineshopping.com/css/images/linkedin.png': 
GET /css/images/linkedin.png HTTP/1.1
Host: www.advantageonlineshopping.com
User-Agent: Mozilla/5.0 (Windows NT 6.1; Win64; x64) AppleWebKit/537.36 (KHTML, like Gecko) Chrome/63.0.3239.132 Safari/537.36
Accept: text/html,application/xhtml+xml,application/xml;q=0.9,image/webp,image/apng,*/*;q=0.8
Accept-Encoding: gzip, deflate
Accept-Language: en-US,en;q=0.9
Referer: https://www.advantageonlineshopping.com/
Upgrade-Insecure-Requests: 1


[17:58:23.78] Trace: Request [Id: 1.21] 'http://www.advantageonlineshopping.com/css/images/Banner3.jpg': 
GET /css/images/Banner3.jpg HTTP/1.1
Host: www.advantageonlineshopping.com
User-Agent: Mozilla/5.0 (Windows NT 6.1; Win64; x64) AppleWebKit/537.36 (KHTML, like Gecko) Chrome/63.0.3239.132 Safari/537.36
Accept: text/html,application/xhtml+xml,application/xml;q=0.9,image/webp,image/apng,*/*;q=0.8
Accept-Encoding: gzip, deflate
Accept-Language: en-US,en;q=0.9
Referer: https://www.advantageonlineshopping.com/
Upgrade-Insecure-Requests: 1


[17:58:23.78] Trace: Request [Id: 1.20] 'http://www.advantageonlineshopping.com/css/images/Banner2.jpg': 
GET /css/images/Banner2.jpg HTTP/1.1
Host: www.advantageonlineshopping.com
User-Agent: Mozilla/5.0 (Windows NT 6.1; Win64; x64) AppleWebKit/537.36 (KHTML, like Gecko) Chrome/63.0.3239.132 Safari/537.36
Accept: text/html,application/xhtml+xml,application/xml;q=0.9,image/webp,image/apng,*/*;q=0.8
Accept-Encoding: gzip, deflate
Accept-Language: en-US,en;q=0.9
Referer: https://www.advantageonlineshopping.com/
Upgrade-Insecure-Requests: 1


[17:58:23.78] Trace: Request [Id: 1.22] 'http://www.advantageonlineshopping.com/css/images/Popular-item3.jpg': 
GET /css/images/Popular-item3.jpg HTTP/1.1
Host: www.advantageonlineshopping.com
User-Agent: Mozilla/5.0 (Windows NT 6.1; Win64; x64) AppleWebKit/537.36 (KHTML, like Gecko) Chrome/63.0.3239.132 Safari/537.36
Accept: text/html,application/xhtml+xml,application/xml;q=0.9,image/webp,image/apng,*/*;q=0.8
Accept-Encoding: gzip, deflate
Accept-Language: en-US,en;q=0.9
Referer: https://www.advantageonlineshopping.com/
Upgrade-Insecure-Requests: 1


[17:58:23.78] Trace: Request [Id: 1.1] 'http://www.advantageonlineshopping.com/css/main.min.css': 
GET /css/main.min.css HTTP/1.1
Host: www.advantageonlineshopping.com
User-Agent: Mozilla/5.0 (Windows NT 6.1; Win64; x64) AppleWebKit/537.36 (KHTML, like Gecko) Chrome/63.0.3239.132 Safari/537.36
Accept: text/html,application/xhtml+xml,application/xml;q=0.9,image/webp,image/apng,*/*;q=0.8
Accept-Encoding: gzip, deflate
Accept-Language: en-US,en;q=0.9
Referer: https://www.advantageonlineshopping.com/
Upgrade-Insecure-Requests: 1


[17:58:23.78] Trace: Request [Id: 1.8] 'http://www.advantageonlineshopping.com/css/images/logo.png': 
GET /css/images/logo.png HTTP/1.1
Host: www.advantageonlineshopping.com
User-Agent: Mozilla/5.0 (Windows NT 6.1; Win64; x64) AppleWebKit/537.36 (KHTML, like Gecko) Chrome/63.0.3239.132 Safari/537.36
Accept: text/html,application/xhtml+xml,application/xml;q=0.9,image/webp,image/apng,*/*;q=0.8
Accept-Encoding: gzip, deflate
Accept-Language: en-US,en;q=0.9
Referer: https://www.advantageonlineshopping.com/
Upgrade-Insecure-Requests: 1


[17:58:23.78] Trace: Request [Id: 1.23] 'http://www.advantageonlineshopping.com/css/images/Popular-item2.jpg': 
GET /css/images/Popular-item2.jpg HTTP/1.1
Host: www.advantageonlineshopping.com
User-Agent: Mozilla/5.0 (Windows NT 6.1; Win64; x64) AppleWebKit/537.36 (KHTML, like Gecko) Chrome/63.0.3239.132 Safari/537.36
Accept: text/html,application/xhtml+xml,application/xml;q=0.9,image/webp,image/apng,*/*;q=0.8
Accept-Encoding: gzip, deflate
Accept-Language: en-US,en;q=0.9
Referer: https://www.advantageonlineshopping.com/
Upgrade-Insecure-Requests: 1


[17:58:23.78] Trace: Request [Id: 1.2]: Connecting tcp socket to host 107.23.171.213:80.
[17:58:23.78] Trace: Request [Id: 1.24]: Connecting tcp socket to host 107.23.171.213:80.
[17:58:23.79] Debug: Request [Id: 1.3]: GET 'http://www.advantageonlineshopping.com/vendor/requirejs/require.js' started.
[17:58:23.79] Trace: Request [Id: 1.6] 'http://www.advantageonlineshopping.com/catalog/api/v1/categories/all_data': 
GET /catalog/api/v1/categories/all_data HTTP/1.1
Host: www.advantageonlineshopping.com
User-Agent: Mozilla/5.0 (Windows NT 6.1; Win64; x64) AppleWebKit/537.36 (KHTML, like Gecko) Chrome/63.0.3239.132 Safari/537.36
Accept: text/html,application/xhtml+xml,application/xml;q=0.9,image/webp,image/apng,*/*;q=0.8
Accept-Encoding: gzip, deflate
Accept-Language: en-US,en;q=0.9
Referer: https://www.advantageonlineshopping.com/
Upgrade-Insecure-Requests: 1


[17:58:23.79] Debug: Request [Id: 1.4]: GET 'http://www.advantageonlineshopping.com/main.min.js' started.
[17:58:23.80] Debug: Request [Id: 1.5]: GET 'http://www.advantageonlineshopping.com/services.properties' started.
[17:58:23.80] Debug: Request [Id: 1.11]: GET 'http://www.advantageonlineshopping.com/catalog/api/v1/deals/search?dealOfTheDay=true' started.
[17:58:23.80] Trace: Request [Id: 1.9]: Connection to host 107.23.171.213:80 done.
[17:58:23.81] Debug: Request [Id: 1.12]: GET 'http://www.advantageonlineshopping.com/css/images/arrow_right.png' started.
[17:58:23.82] Trace: Request [Id: 1.10]: Connection to host 107.23.171.213:80 done.
[17:58:23.82] Debug: Request [Id: 1.13]: GET 'http://www.advantageonlineshopping.com/css/images/GoUp.png' started.
[17:58:23.82] Debug: Request [Id: 1.14]: GET 'http://www.advantageonlineshopping.com/css/images/Special-offer.jpg' started.
[17:58:23.82] Debug: Request [Id: 1.15]: GET 'http://www.advantageonlineshopping.com/css/images/chat_logo.png' started.
[17:58:23.82] Debug: Request [Id: 1.16]: GET 'http://www.advantageonlineshopping.com/css/images/facebook.png' started.
[17:58:23.84] Debug: Request [Id: 1.17]: GET 'http://www.advantageonlineshopping.com/css/images/twitter.png' started.
[17:58:23.95] Debug: Request [Id: 1.7]: GET 'http://www.advantageonlineshopping.com/catalog/api/v1/DemoAppConfig/parameters/by_tool/ALL' started.
[17:58:23.95] Debug: Request [Id: 1.19]: GET 'http://www.advantageonlineshopping.com/css/images/Banner1.jpg' started.
[17:58:23.96] Debug: Request [Id: 1.18]: GET 'http://www.advantageonlineshopping.com/css/images/linkedin.png' started.
[17:58:23.97] Debug: Request [Id: 1.21]: GET 'http://www.advantageonlineshopping.com/css/images/Banner3.jpg' started.
[17:58:24.01] Debug: Request [Id: 1.20]: GET 'http://www.advantageonlineshopping.com/css/images/Banner2.jpg' started.
[17:58:24.01] Debug: Request [Id: 1.22]: GET 'http://www.advantageonlineshopping.com/css/images/Popular-item3.jpg' started.
[17:58:24.02] Debug: Request [Id: 1.1]: GET 'http://www.advantageonlineshopping.com/css/main.min.css' started.
[17:58:24.02] Debug: Request [Id: 1.8]: GET 'http://www.advantageonlineshopping.com/css/images/logo.png' started.
[17:58:24.05] Debug: Request [Id: 1.23]: GET 'http://www.advantageonlineshopping.com/css/images/Popular-item2.jpg' started.
[17:58:24.08] Trace: Request [Id: 1.2]: Connection to host 107.23.171.213:80 done.
[17:58:24.09] Trace: Request [Id: 1.3]: Connecting tcp socket to host 107.23.171.213:80.
[17:58:24.09] Trace: Request [Id: 1.24]: Connection to host 107.23.171.213:80 done.
[17:58:24.11] Debug: Request [Id: 1.6]: GET 'http://www.advantageonlineshopping.com/catalog/api/v1/categories/all_data' started.
[17:58:24.14] Trace: Request [Id: 1.4]: Connecting tcp socket to host 107.23.171.213:80.
[17:58:24.17] Trace: Request [Id: 1.9]: New connection from 192.168.58.129:50012 to 107.23.171.213:80 in 21 ms.
[17:58:24.19] Trace: Request [Id: 1.10]: New connection from 192.168.58.129:50015 to 107.23.171.213:80 in 35 ms.
[17:58:24.37] Trace: Request [Id: 1.2]: New connection from 192.168.58.129:50024 to 107.23.171.213:80 in 298 ms.
[17:58:24.40] Trace: Request [Id: 1.24]: New connection from 192.168.58.129:50025 to 107.23.171.213:80 in 308 ms.
[17:58:24.41] Trace: Request [Id: 1.3]: Connection to host 107.23.171.213:80 done.
[17:58:24.43] Trace: Request [Id: 1.4]: Connection to host 107.23.171.213:80 done.
[17:58:24.44] Debug: Request [Id: 1.9]: GET 'http://www.advantageonlineshopping.com/css/images/closeDark.png' done. Status 200 . HTTP/1.1
[17:58:24.46] Trace: Request [Id: 1.3]: New connection from 192.168.58.129:50046 to 107.23.171.213:80 in 313 ms.
[17:58:24.47] Trace: Request [Id: 1.4]: New connection from 192.168.58.129:50047 to 107.23.171.213:80 in 295 ms.
[17:58:24.47] Trace: Response 'http://www.advantageonlineshopping.com/css/images/closeDark.png': 
HTTP/1.1 200 
Content-Length: 1098
Accept-Ranges: bytes
Cache-Control: max-age=864000
Connection: keep-alive
Content-Type: image/png
Date: Tue, 11 May 2021 17:58:21 GMT
Etag: W/"1098-1612199286000"
Expires: Fri, 21 May 2021 17:58:21 GMT
Last-Modified: Mon, 01 Feb 2021 17:08:06 GMT
Server: nginx/1.14.0 (Ubuntu)


[17:58:24.48] Debug: Request [Id: 1.2]: GET 'http://www.advantageonlineshopping.com/css/images/Down_arrow.svg' done. Status 200 . HTTP/1.1
[17:58:24.48] Debug: Request [Id: 1.24]: GET 'http://www.advantageonlineshopping.com/css/images/Popular-item1.jpg' done. Status 200 . HTTP/1.1
[17:58:24.50] Trace: Request [Id: 1.5]: Connection reused from 192.168.58.129:50012 to 107.23.171.213:80.
[17:58:24.50] Debug: Request [Id: 1.3]: GET 'http://www.advantageonlineshopping.com/vendor/requirejs/require.js' done. Status 200 . HTTP/1.1
[17:58:24.51] Trace: Response 'http://www.advantageonlineshopping.com/css/images/Down_arrow.svg': 
HTTP/1.1 200 
Content-Length: 795
Accept-Ranges: bytes
Cache-Control: max-age=864000
Connection: keep-alive
Content-Type: image/svg+xml
Date: Tue, 11 May 2021 17:58:21 GMT
Etag: W/"795-1612199286000"
Expires: Fri, 21 May 2021 17:58:21 GMT
Last-Modified: Mon, 01 Feb 2021 17:08:06 GMT
Server: nginx/1.14.0 (Ubuntu)


[17:58:24.52] Trace: Response 'http://www.advantageonlineshopping.com/css/images/Popular-item1.jpg': 
HTTP/1.1 200 
Content-Length: 42737
Accept-Ranges: bytes
Cache-Control: max-age=864000
Connection: keep-alive
Content-Type: image/jpeg
Date: Tue, 11 May 2021 17:58:21 GMT
Etag: W/"42737-1612199286000"
Expires: Fri, 21 May 2021 17:58:21 GMT
Last-Modified: Mon, 01 Feb 2021 17:08:06 GMT
Server: nginx/1.14.0 (Ubuntu)


[17:58:24.52] Debug: Request [Id: 1.4]: GET 'http://www.advantageonlineshopping.com/main.min.js' done. Status 200 . HTTP/1.1
[17:58:24.54] Trace: Response 'http://www.advantageonlineshopping.com/vendor/requirejs/require.js': 
HTTP/1.1 200 
Transfer-Encoding: chunked
Accept-Ranges: bytes
Cache-Control: max-age=600
Connection: keep-alive
Content-Encoding: gzip
Content-Type: application/javascript
Date: Tue, 11 May 2021 17:58:21 GMT
Etag: W/"85921-1556724020000"
Expires: Tue, 11 May 2021 18:08:21 GMT
Last-Modified: Wed, 01 May 2019 15:20:20 GMT
Server: nginx/1.14.0 (Ubuntu)
Vary: accept-encoding


[17:58:24.55] Trace: Request [Id: 1.11]: Connection reused from 192.168.58.129:50024 to 107.23.171.213:80.
[17:58:24.55] Trace: Request [Id: 1.12]: Connection reused from 192.168.58.129:50025 to 107.23.171.213:80.
[17:58:24.55] Trace: Response 'http://www.advantageonlineshopping.com/main.min.js': 
HTTP/1.1 200 
Transfer-Encoding: chunked
Accept-Ranges: bytes
Cache-Control: max-age=600
Connection: keep-alive
Content-Encoding: gzip
Content-Type: application/javascript
Date: Tue, 11 May 2021 17:58:21 GMT
Etag: W/"1137216-1612199286000"
Expires: Tue, 11 May 2021 18:08:21 GMT
Last-Modified: Mon, 01 Feb 2021 17:08:06 GMT
Server: nginx/1.14.0 (Ubuntu)
Vary: accept-encoding


[17:58:24.56] Debug: Request [Id: 1.5]: GET 'http://www.advantageonlineshopping.com/services.properties' done. Status 200 . HTTP/1.1
[17:58:24.56] Trace: Request [Id: 1.13]: Connection reused from 192.168.58.129:50046 to 107.23.171.213:80.
[17:58:24.57] Debug: Request [Id: 1.10]: GET 'http://www.advantageonlineshopping.com/catalog/api/v1/categories' done. Status 200 . HTTP/1.1
[17:58:24.59] Debug: Request [Id: 1.12]: GET 'http://www.advantageonlineshopping.com/css/images/arrow_right.png' done. Status 200 . HTTP/1.1
[17:58:24.59] Trace: Response 'http://www.advantageonlineshopping.com/services.properties': 
HTTP/1.1 200 
Content-Length: 1016
Accept-Ranges: bytes
Cache-Control: max-age=0
Connection: keep-alive
Date: Tue, 11 May 2021 17:58:21 GMT
Etag: W/"1016-1619606808131"
Expires: Tue, 11 May 2021 17:58:21 GMT
Last-Modified: Wed, 28 Apr 2021 10:46:48 GMT
Server: nginx/1.14.0 (Ubuntu)


[17:58:24.63] Trace: Response 'http://www.advantageonlineshopping.com/catalog/api/v1/categories': 
HTTP/1.1 200 
Transfer-Encoding: chunked
Cache-Control: no-store
Connection: keep-alive
Content-Encoding: gzip
Content-Type: application/json
Date: Tue, 11 May 2021 17:58:21 GMT
Expires: 0
Server: nginx/1.14.0 (Ubuntu)
Vary: accept-encoding
X-Content-Type-Options: nosniff
X-Frame-Options: DENY
X-Xss-Protection: 1; mode=block


[17:58:24.63] Trace: Request [Id: 1.14]: Connection reused from 192.168.58.129:50047 to 107.23.171.213:80.
[17:58:24.64] Trace: Response 'http://www.advantageonlineshopping.com/css/images/arrow_right.png': 
HTTP/1.1 200 
Content-Length: 996
Accept-Ranges: bytes
Cache-Control: max-age=864000
Connection: keep-alive
Content-Type: image/png
Date: Tue, 11 May 2021 17:58:21 GMT
Etag: W/"996-1612199286000"
Expires: Fri, 21 May 2021 17:58:21 GMT
Last-Modified: Mon, 01 Feb 2021 17:08:06 GMT
Server: nginx/1.14.0 (Ubuntu)


[17:58:24.64] Trace: Request [Id: 1.15]: Connection reused from 192.168.58.129:50012 to 107.23.171.213:80.
[17:58:24.66] Trace: Request [Id: 1.16]: Connection reused from 192.168.58.129:50015 to 107.23.171.213:80.
[17:58:24.66] Debug: Request [Id: 1.13]: GET 'http://www.advantageonlineshopping.com/css/images/GoUp.png' done. Status 200 . HTTP/1.1
[17:58:24.67] Trace: Request [Id: 1.17]: Connection reused from 192.168.58.129:50025 to 107.23.171.213:80.
[17:58:24.68] Trace: Response 'http://www.advantageonlineshopping.com/css/images/GoUp.png': 
HTTP/1.1 200 
Content-Length: 2114
Accept-Ranges: bytes
Cache-Control: max-age=864000
Connection: keep-alive
Content-Type: image/png
Date: Tue, 11 May 2021 17:58:21 GMT
Etag: W/"2114-1612199286000"
Expires: Fri, 21 May 2021 17:58:21 GMT
Last-Modified: Mon, 01 Feb 2021 17:08:06 GMT
Server: nginx/1.14.0 (Ubuntu)


[17:58:24.68] Debug: Request [Id: 1.14]: GET 'http://www.advantageonlineshopping.com/css/images/Special-offer.jpg' done. Status 200 . HTTP/1.1
[17:58:24.68] Trace: Request [Id: 1.7]: Connection reused from 192.168.58.129:50046 to 107.23.171.213:80.
[17:58:24.68] Trace: Response 'http://www.advantageonlineshopping.com/css/images/Special-offer.jpg': 
HTTP/1.1 200 
Content-Length: 80826
Accept-Ranges: bytes
Cache-Control: max-age=864000
Connection: keep-alive
Content-Type: image/jpeg
Date: Tue, 11 May 2021 17:58:21 GMT
Etag: W/"80826-1612199286000"
Expires: Fri, 21 May 2021 17:58:21 GMT
Last-Modified: Mon, 01 Feb 2021 17:08:06 GMT
Server: nginx/1.14.0 (Ubuntu)


[17:58:24.69] Debug: Request [Id: 1.15]: GET 'http://www.advantageonlineshopping.com/css/images/chat_logo.png' done. Status 200 . HTTP/1.1
[17:58:24.70] Debug: Request [Id: 1.16]: GET 'http://www.advantageonlineshopping.com/css/images/facebook.png' done. Status 200 . HTTP/1.1
[17:58:24.71] Trace: Request [Id: 1.19]: Connection reused from 192.168.58.129:50047 to 107.23.171.213:80.
[17:58:24.71] Trace: Response 'http://www.advantageonlineshopping.com/css/images/chat_logo.png': 
HTTP/1.1 200 
Content-Length: 3003
Accept-Ranges: bytes
Cache-Control: max-age=864000
Connection: keep-alive
Content-Type: image/png
Date: Tue, 11 May 2021 17:58:21 GMT
Etag: W/"3003-1612199286000"
Expires: Fri, 21 May 2021 17:58:21 GMT
Last-Modified: Mon, 01 Feb 2021 17:08:06 GMT
Server: nginx/1.14.0 (Ubuntu)


[17:58:24.71] Trace: Response 'http://www.advantageonlineshopping.com/css/images/facebook.png': 
HTTP/1.1 200 
Content-Length: 1583
Accept-Ranges: bytes
Cache-Control: max-age=864000
Connection: keep-alive
Content-Type: image/png
Date: Tue, 11 May 2021 17:58:21 GMT
Etag: W/"1583-1612199286000"
Expires: Fri, 21 May 2021 17:58:21 GMT
Last-Modified: Mon, 01 Feb 2021 17:08:06 GMT
Server: nginx/1.14.0 (Ubuntu)


[17:58:24.72] Trace: Request [Id: 1.18]: Connection reused from 192.168.58.129:50012 to 107.23.171.213:80.
[17:58:24.72] Trace: Request [Id: 1.21]: Connection reused from 192.168.58.129:50015 to 107.23.171.213:80.
[17:58:24.72] Debug: Request [Id: 1.11]: GET 'http://www.advantageonlineshopping.com/catalog/api/v1/deals/search?dealOfTheDay=true' done. Status 200 . HTTP/1.1
[17:58:24.72] Debug: Request [Id: 1.17]: GET 'http://www.advantageonlineshopping.com/css/images/twitter.png' done. Status 200 . HTTP/1.1
[17:58:24.73] Trace: Response 'http://www.advantageonlineshopping.com/catalog/api/v1/deals/search?dealOfTheDay=true': 
HTTP/1.1 200 
Transfer-Encoding: chunked
Cache-Control: no-store
Connection: keep-alive
Content-Encoding: gzip
Content-Type: application/json
Date: Tue, 11 May 2021 17:58:21 GMT
Expires: 0
Server: nginx/1.14.0 (Ubuntu)
Vary: accept-encoding
X-Content-Type-Options: nosniff
X-Frame-Options: DENY
X-Xss-Protection: 1; mode=block


[17:58:24.73] Trace: Response 'http://www.advantageonlineshopping.com/css/images/twitter.png': 
HTTP/1.1 200 
Content-Length: 2064
Accept-Ranges: bytes
Cache-Control: max-age=864000
Connection: keep-alive
Content-Type: image/png
Date: Tue, 11 May 2021 17:58:21 GMT
Etag: W/"2064-1612199286000"
Expires: Fri, 21 May 2021 17:58:21 GMT
Last-Modified: Mon, 01 Feb 2021 17:08:06 GMT
Server: nginx/1.14.0 (Ubuntu)


[17:58:24.74] Trace: Request [Id: 1.20]: Connection reused from 192.168.58.129:50024 to 107.23.171.213:80.
[17:58:24.74] Trace: Request [Id: 1.22]: Connection reused from 192.168.58.129:50025 to 107.23.171.213:80.
[17:58:24.76] Debug: Request [Id: 1.7]: GET 'http://www.advantageonlineshopping.com/catalog/api/v1/DemoAppConfig/parameters/by_tool/ALL' done. Status 200 . HTTP/1.1
[17:58:24.76] Debug: Request [Id: 1.19]: GET 'http://www.advantageonlineshopping.com/css/images/Banner1.jpg' done. Status 200 . HTTP/1.1
[17:58:24.77] Trace: Response 'http://www.advantageonlineshopping.com/catalog/api/v1/DemoAppConfig/parameters/by_tool/ALL': 
HTTP/1.1 200 
Transfer-Encoding: chunked
Cache-Control: no-store
Connection: keep-alive
Content-Encoding: gzip
Content-Type: application/json
Date: Tue, 11 May 2021 17:58:22 GMT
Expires: 0
Server: nginx/1.14.0 (Ubuntu)
Vary: accept-encoding
X-Content-Type-Options: nosniff
X-Frame-Options: DENY
X-Xss-Protection: 1; mode=block


[17:58:24.77] Debug: Request [Id: 1.18]: GET 'http://www.advantageonlineshopping.com/css/images/linkedin.png' done. Status 200 . HTTP/1.1
[17:58:24.77] Trace: Response 'http://www.advantageonlineshopping.com/css/images/Banner1.jpg': 
HTTP/1.1 200 
Content-Length: 496378
Accept-Ranges: bytes
Cache-Control: max-age=864000
Connection: keep-alive
Content-Type: image/jpeg
Date: Tue, 11 May 2021 17:58:22 GMT
Etag: W/"496378-1612199286000"
Expires: Fri, 21 May 2021 17:58:22 GMT
Last-Modified: Mon, 01 Feb 2021 17:08:06 GMT
Server: nginx/1.14.0 (Ubuntu)


[17:58:24.77] Trace: Request [Id: 1.1]: Connection reused from 192.168.58.129:50046 to 107.23.171.213:80.
[17:58:24.77] Debug: Request [Id: 1.21]: GET 'http://www.advantageonlineshopping.com/css/images/Banner3.jpg' done. Status 200 . HTTP/1.1
[17:58:24.78] Trace: Response 'http://www.advantageonlineshopping.com/css/images/linkedin.png': 
HTTP/1.1 200 
Content-Length: 1707
Accept-Ranges: bytes
Cache-Control: max-age=864000
Connection: keep-alive
Content-Type: image/png
Date: Tue, 11 May 2021 17:58:22 GMT
Etag: W/"1707-1612199286000"
Expires: Fri, 21 May 2021 17:58:22 GMT
Last-Modified: Mon, 01 Feb 2021 17:08:06 GMT
Server: nginx/1.14.0 (Ubuntu)


[17:58:24.80] Debug: Request [Id: 1.20]: GET 'http://www.advantageonlineshopping.com/css/images/Banner2.jpg' done. Status 200 . HTTP/1.1
[17:58:24.80] Trace: Response 'http://www.advantageonlineshopping.com/css/images/Banner3.jpg': 
HTTP/1.1 200 
Content-Length: 68456
Accept-Ranges: bytes
Cache-Control: max-age=864000
Connection: keep-alive
Content-Type: image/jpeg
Date: Tue, 11 May 2021 17:58:22 GMT
Etag: W/"68456-1612199286000"
Expires: Fri, 21 May 2021 17:58:22 GMT
Last-Modified: Mon, 01 Feb 2021 17:08:06 GMT
Server: nginx/1.14.0 (Ubuntu)


[17:58:24.80] Trace: Request [Id: 1.8]: Connection reused from 192.168.58.129:50012 to 107.23.171.213:80.
[17:58:24.81] Trace: Response 'http://www.advantageonlineshopping.com/css/images/Banner2.jpg': 
HTTP/1.1 200 
Content-Length: 85091
Accept-Ranges: bytes
Cache-Control: max-age=864000
Connection: keep-alive
Content-Type: image/jpeg
Date: Tue, 11 May 2021 17:58:22 GMT
Etag: W/"85091-1612199286000"
Expires: Fri, 21 May 2021 17:58:22 GMT
Last-Modified: Mon, 01 Feb 2021 17:08:06 GMT
Server: nginx/1.14.0 (Ubuntu)


[17:58:24.81] Debug: Request [Id: 1.22]: GET 'http://www.advantageonlineshopping.com/css/images/Popular-item3.jpg' done. Status 200 . HTTP/1.1
[17:58:24.82] Trace: Response 'http://www.advantageonlineshopping.com/css/images/Popular-item3.jpg': 
HTTP/1.1 200 
Content-Length: 25978
Accept-Ranges: bytes
Cache-Control: max-age=864000
Connection: keep-alive
Content-Type: image/jpeg
Date: Tue, 11 May 2021 17:58:22 GMT
Etag: W/"25978-1612199286000"
Expires: Fri, 21 May 2021 17:58:22 GMT
Last-Modified: Mon, 01 Feb 2021 17:08:06 GMT
Server: nginx/1.14.0 (Ubuntu)


[17:58:24.83] Debug: Request [Id: 1.1]: GET 'http://www.advantageonlineshopping.com/css/main.min.css' done. Status 200 . HTTP/1.1
[17:58:24.83] Trace: Request [Id: 1.23]: Connection reused from 192.168.58.129:50025 to 107.23.171.213:80.
[17:58:24.84] Trace: Response 'http://www.advantageonlineshopping.com/css/main.min.css': 
HTTP/1.1 200 
Transfer-Encoding: chunked
Accept-Ranges: bytes
Cache-Control: max-age=36000
Connection: keep-alive
Content-Encoding: gzip
Content-Type: text/css
Date: Tue, 11 May 2021 17:58:22 GMT
Etag: W/"170700-1612199286000"
Expires: Wed, 12 May 2021 03:58:22 GMT
Last-Modified: Mon, 01 Feb 2021 17:08:06 GMT
Server: nginx/1.14.0 (Ubuntu)
Vary: accept-encoding


[17:58:24.84] Trace: Request [Id: 1.6]: Connection reused from 192.168.58.129:50046 to 107.23.171.213:80.
[17:58:24.85] Debug: Request [Id: 1.8]: GET 'http://www.advantageonlineshopping.com/css/images/logo.png' done. Status 200 . HTTP/1.1
[17:58:24.85] Trace: Response 'http://www.advantageonlineshopping.com/css/images/logo.png': 
HTTP/1.1 200 
Content-Length: 2645
Accept-Ranges: bytes
Cache-Control: max-age=864000
Connection: keep-alive
Content-Type: image/png
Date: Tue, 11 May 2021 17:58:22 GMT
Etag: W/"2645-1612199286000"
Expires: Fri, 21 May 2021 17:58:22 GMT
Last-Modified: Mon, 01 Feb 2021 17:08:06 GMT
Server: nginx/1.14.0 (Ubuntu)


[17:58:24.88] Debug: Request [Id: 1.23]: GET 'http://www.advantageonlineshopping.com/css/images/Popular-item2.jpg' done. Status 200 . HTTP/1.1
[17:58:24.88] Trace: Response 'http://www.advantageonlineshopping.com/css/images/Popular-item2.jpg': 
HTTP/1.1 200 
Content-Length: 28087
Accept-Ranges: bytes
Cache-Control: max-age=864000
Connection: keep-alive
Content-Type: image/jpeg
Date: Tue, 11 May 2021 17:58:22 GMT
Etag: W/"28087-1612199286000"
Expires: Fri, 21 May 2021 17:58:22 GMT
Last-Modified: Mon, 01 Feb 2021 17:08:06 GMT
Server: nginx/1.14.0 (Ubuntu)


[17:58:25.66] Debug: Request [Id: 1.6]: GET 'http://www.advantageonlineshopping.com/catalog/api/v1/categories/all_data' done. Status 200 . HTTP/1.1
[17:58:25.66] Trace: Response 'http://www.advantageonlineshopping.com/catalog/api/v1/categories/all_data': 
HTTP/1.1 200 
Transfer-Encoding: chunked
Cache-Control: no-store
Connection: keep-alive
Content-Encoding: gzip
Content-Type: application/json
Date: Tue, 11 May 2021 17:58:22 GMT
Expires: 0
Server: nginx/1.14.0 (Ubuntu)
Vary: accept-encoding
X-Content-Type-Options: nosniff
X-Frame-Options: DENY
X-Xss-Protection: 1; mode=block


[17:58:25.66] Info: WebRequest [Id: 1] 'https://www.advantageonlineshopping.com/' completed. (25 request(s) sent, 1192114 bytes downloaded)	(./main.js:59:8)
[17:58:25.67] Info: WebRequest [Id: 2] 'https://www.advantageonlineshopping.com/accountservice/ws/GetAccountConfigurationRequest' registered to send (sync).	(./main.js:81:8)
[17:58:25.67] Trace: Request [Id: 2] 'https://www.advantageonlineshopping.com/accountservice/ws/GetAccountConfigurationRequest': 
POST /accountservice/ws/GetAccountConfigurationRequest HTTP/1.1
Host: www.advantageonlineshopping.com
User-Agent: Mozilla/5.0 (Windows NT 6.1; Win64; x64) AppleWebKit/537.36 (KHTML, like Gecko) Chrome/63.0.3239.132 Safari/537.36
Content-Length: 413
Accept: application/xml, text/xml, */*; q=0.01
Accept-Encoding: gzip, deflate
Accept-Language: en-US,en;q=0.9
Content-Type: text/xml; charset=UTF-8
Origin: http://www.advantageonlineshopping.com
Referer: http://www.advantageonlineshopping.com/
Soapaction: com.advantage.online.store.accountserviceGetAccountConfigurationRequest
X-Requested-With: XMLHttpRequest

<?xml version="1.0" encoding="UTF-8"?>
<soap:Envelope xmlns:soap="http://schemas.xmlsoap.org/soap/envelope/"
               xmlns:xsd="http://www.w3.org/2001/XMLSchema" xmlns:xsi="http://www.w3.org/2001/XMLSchema-instance">
    <soap:Body>
        <GetAccountConfigurationRequest
                xmlns="com.advantage.online.store.accountservice"></GetAccountConfigurationRequest>
    </soap:Body>
</soap:Envelope>
[17:58:25.67] Debug: Request [Id: 2]: POST 'https://www.advantageonlineshopping.com/accountservice/ws/GetAccountConfigurationRequest' started.
[17:58:25.67] Trace: Request [Id: 2]: Connection reused from 192.168.58.129:50003 to 107.23.171.213:443.
[17:58:25.73] Debug: Request [Id: 2]: POST 'https://www.advantageonlineshopping.com/accountservice/ws/GetAccountConfigurationRequest' done. Status 200 OK. HTTP/2.0
[17:58:25.73] Trace: Response 'https://www.advantageonlineshopping.com/accountservice/ws/GetAccountConfigurationRequest': 
HTTP/2.0 200 OK
Content-Length: 823
Accept: text/xml, text/html, image/gif, image/jpeg, *; q=.2, */*; q=.2
Access-Control-Allow-Headers: Origin, X-Requested-With, Content-Type, Accept, Key, soapaction
Access-Control-Allow-Methods: POST, GET, OPTIONS, DELETE
Access-Control-Allow-Origin: *
Access-Control-Max-Age: 3600
Access-Control-Request-Method: POST, GET, OPTIONS, DELETE
Cache-Control: no-store
Content-Type: text/xml;charset=utf-8
Date: Tue, 11 May 2021 17:58:22 GMT
Expires: 0
Pragma: no-cache
Server: nginx/1.14.0 (Ubuntu)
Soapaction: ""
Strict-Transport-Security: max-age=31536000; includeSubDomains; preload
X-Content-Type-Options: nosniff
X-Frame-Options: DENY
X-Xss-Protection: 1; mode=block


[17:58:25.73] Info: WebRequest [Id: 2] 'https://www.advantageonlineshopping.com/accountservice/ws/GetAccountConfigurationRequest' completed. (1 request(s) sent, 1548 bytes downloaded)	(./main.js:81:8)
[17:58:25.74] Info: WebRequest [Id: 3] 'https://www.advantageonlineshopping.com/app/tempFiles/popularProducts.json' registered to send (sync).	(./main.js:91:8)
[17:58:25.74] Trace: Request [Id: 3] 'https://www.advantageonlineshopping.com/app/tempFiles/popularProducts.json': 
GET /app/tempFiles/popularProducts.json HTTP/1.1
Host: www.advantageonlineshopping.com
User-Agent: Mozilla/5.0 (Windows NT 6.1; Win64; x64) AppleWebKit/537.36 (KHTML, like Gecko) Chrome/63.0.3239.132 Safari/537.36
Accept: application/json, text/plain, */*
Accept-Encoding: gzip, deflate
Accept-Language: en-US,en;q=0.9
Referer: http://www.advantageonlineshopping.com/


[17:58:25.74] Debug: Request [Id: 3]: GET 'https://www.advantageonlineshopping.com/app/tempFiles/popularProducts.json' started.
[17:58:25.74] Trace: Request [Id: 3]: Connection reused from 192.168.58.129:50003 to 107.23.171.213:443.
[17:58:25.76] Debug: Request [Id: 3]: GET 'https://www.advantageonlineshopping.com/app/tempFiles/popularProducts.json' done. Status 200 OK. HTTP/2.0
[17:58:25.76] Trace: Response 'https://www.advantageonlineshopping.com/app/tempFiles/popularProducts.json': 
HTTP/2.0 200 OK
Connection: close
Accept-Ranges: bytes
Cache-Control: max-age=0
Content-Encoding: gzip
Content-Type: application/json
Date: Tue, 11 May 2021 17:58:23 GMT
Etag: W/"2323-1612199286000"
Expires: Tue, 11 May 2021 17:58:23 GMT
Last-Modified: Mon, 01 Feb 2021 17:08:06 GMT
Server: nginx/1.14.0 (Ubuntu)
Strict-Transport-Security: max-age=31536000; includeSubDomains; preload
Vary: accept-encoding


[17:58:25.76] Info: WebRequest [Id: 3] 'https://www.advantageonlineshopping.com/app/tempFiles/popularProducts.json' completed. (1 request(s) sent, 421 bytes downloaded)	(./main.js:91:8)
[17:58:25.76] Info: WebRequest [Id: 4] 'http://www.advantageonlineshopping.com/app/views/home-page.html' registered to send (sync).	(./main.js:101:8)
[17:58:25.76] Trace: Request [Id: 4] 'http://www.advantageonlineshopping.com/app/views/home-page.html': 
GET /app/views/home-page.html HTTP/1.1
Host: www.advantageonlineshopping.com
User-Agent: Mozilla/5.0 (Windows NT 6.1; Win64; x64) AppleWebKit/537.36 (KHTML, like Gecko) Chrome/63.0.3239.132 Safari/537.36
Accept: text/html
Accept-Encoding: gzip, deflate
Accept-Language: en-US,en;q=0.9
Referer: http://www.advantageonlineshopping.com/


[17:58:25.76] Debug: Request [Id: 4]: GET 'http://www.advantageonlineshopping.com/app/views/home-page.html' started.
[17:58:25.76] Trace: Request [Id: 4]: Connection reused from 192.168.58.129:50046 to 107.23.171.213:80.
[17:58:25.78] Debug: Request [Id: 4]: GET 'http://www.advantageonlineshopping.com/app/views/home-page.html' done. Status 200 . HTTP/1.1
[17:58:25.78] Trace: Response 'http://www.advantageonlineshopping.com/app/views/home-page.html': 
HTTP/1.1 200 
Transfer-Encoding: chunked
Accept-Ranges: bytes
Cache-Control: max-age=0
Connection: keep-alive
Content-Encoding: gzip
Content-Type: text/html
Date: Tue, 11 May 2021 17:58:23 GMT
Etag: W/"12463-1612199286000"
Expires: Tue, 11 May 2021 17:58:23 GMT
Last-Modified: Mon, 01 Feb 2021 17:08:06 GMT
Server: nginx/1.14.0 (Ubuntu)
Vary: accept-encoding


[17:58:25.78] Info: WebRequest [Id: 4] 'http://www.advantageonlineshopping.com/app/views/home-page.html' completed. (1 request(s) sent, 373 bytes downloaded)	(./main.js:101:8)
[17:58:25.78] Info: Transaction 'AOS_landing_page' ended with a 'Passed' status (Duration: 2083 ms., ThinkTime: 0 ms.).	(./main.js:103:9)
[17:58:25.78] Info: Sleeping for 3.068s.	(./main.js:105:10)
[17:58:28.85] Info: Transaction 'AOS_login' started.	(./main.js:107:9)
[17:58:28.85] Debug: Parameter userPWD (same as userID) is taken from row 0
[17:58:28.85] Info: Parameter Substitution: 'userPWD = Mercury'	(./main.js:127:42)
[17:58:28.85] Debug: Parameter userID (sequential) is taken from row 0
[17:58:28.85] Info: Parameter Substitution: 'userID = Mercury'	(./main.js:128:38)
[17:58:28.85] Info: WebRequest [Id: 5] 'https://www.advantageonlineshopping.com/accountservice/ws/AccountLoginRequest' registered to send (sync).	(./main.js:142:8)
[17:58:28.85] Trace: Request [Id: 5] 'https://www.advantageonlineshopping.com/accountservice/ws/AccountLoginRequest': 
POST /accountservice/ws/AccountLoginRequest HTTP/1.1
Host: www.advantageonlineshopping.com
User-Agent: Mozilla/5.0 (Windows NT 6.1; Win64; x64) AppleWebKit/537.36 (KHTML, like Gecko) Chrome/63.0.3239.132 Safari/537.36
Content-Length: 530
Accept: application/xml, text/xml, */*; q=0.01
Accept-Encoding: gzip, deflate
Accept-Language: en-US,en;q=0.9
Content-Type: text/xml; charset=UTF-8
Origin: http://www.advantageonlineshopping.com
Referer: http://www.advantageonlineshopping.com/
Soapaction: com.advantage.online.store.accountserviceAccountLoginRequest
X-Requested-With: XMLHttpRequest

<?xml version="1.0" encoding="UTF-8"?>
<soap:Envelope xmlns:soap="http://schemas.xmlsoap.org/soap/envelope/"
               xmlns:xsd="http://www.w3.org/2001/XMLSchema" xmlns:xsi="http://www.w3.org/2001/XMLSchema-instance">
    <soap:Body>
        <AccountLoginRequest xmlns="com.advantage.online.store.accountservice">
            <email></email>
            <loginPassword>Mercury</loginPassword>
            <loginUser>Mercury</loginUser>
                </AccountLoginRequest>
            </soap:Body>
        </soap:Envelope>
[17:58:28.85] Debug: Request [Id: 5]: POST 'https://www.advantageonlineshopping.com/accountservice/ws/AccountLoginRequest' started.
[17:58:28.85] Trace: Request [Id: 5]: Connection reused from 192.168.58.129:50003 to 107.23.171.213:443.
[17:58:28.91] Debug: Request [Id: 5]: POST 'https://www.advantageonlineshopping.com/accountservice/ws/AccountLoginRequest' done. Status 200 OK. HTTP/2.0
[17:58:28.91] Trace: Response 'https://www.advantageonlineshopping.com/accountservice/ws/AccountLoginRequest': 
HTTP/2.0 200 OK
Content-Length: 791
Accept: text/xml, text/html, image/gif, image/jpeg, *; q=.2, */*; q=.2
Access-Control-Allow-Headers: Origin, X-Requested-With, Content-Type, Accept, Key, soapaction
Access-Control-Allow-Methods: POST, GET, OPTIONS, DELETE
Access-Control-Allow-Origin: *
Access-Control-Max-Age: 3600
Access-Control-Request-Method: POST, GET, OPTIONS, DELETE
Cache-Control: no-store
Content-Type: text/xml;charset=utf-8
Date: Tue, 11 May 2021 17:58:26 GMT
Expires: 0
Pragma: no-cache
Server: nginx/1.14.0 (Ubuntu)
Soapaction: ""
Strict-Transport-Security: max-age=31536000; includeSubDomains; preload
X-Content-Type-Options: nosniff
X-Frame-Options: DENY
X-Xss-Protection: 1; mode=block


[17:58:28.91] Info: WebRequest [Id: 5] 'https://www.advantageonlineshopping.com/accountservice/ws/AccountLoginRequest' completed. (1 request(s) sent, 1516 bytes downloaded)	(./main.js:142:8)
[17:58:28.91] Trace: 'https://www.advantageonlineshopping.com/accountservice/ws/AccountLoginRequest' response body: <SOAP-ENV:Envelope xmlns:SOAP-ENV="http://schemas.xmlsoap.org/soap/envelope/"><SOAP-ENV:Header/><SOAP-ENV:Body><ns2:AccountLoginResponse xmlns:ns2="com.advantage.online.store.accountservice"><ns2:StatusMessage><ns2:success>true</ns2:success><ns2:userId>837356736</ns2:userId><ns2:reason>Login Successful</ns2:reason><ns2:token>eyJ0eXAiOiJKV1QiLCJhbGciOiJIUzI1NiJ9.eyJpc3MiOiJ3d3cuYWR2YW50YWdlb25saW5lc2hvcHBpbmcuY29tIiwidXNlcklkIjo4MzczNTY3MzYsInN1YiI6Ik1lcmN1cnkiLCJyb2xlIjoiQURNSU4ifQ.DbOuBG2CoIEXhThcFSpwefur9HDafeIlRNLXzOtElKg</ns2:token><ns2:sessionId>1795c947e8b@7E55B113A1A^i%837356736</ns2:sessionId><ns2:t_authorization>TWVyY3VyeTpNZXJjdXJ5</ns2:t_authorization><ns2:accountType>10</ns2:accountType></ns2:StatusMessage></ns2:AccountLoginResponse></SOAP-ENV:Body></SOAP-ENV:Envelope>
[17:58:28.91] Info: Saving parameter 'userId = 837356736'	(./main.js:142:8)
[17:58:28.91] Info: Saving parameter 'authKey = TWVyY3VyeTpNZXJjdXJ5'	(./main.js:142:8)
[17:58:28.91] Info: Saving parameter 'isLoginSuccess = true'	(./main.js:142:8)
[17:58:28.91] Info: WebRequest [Id: 6] 'http://www.advantageonlineshopping.com/order/api/v1/carts/837356736' registered to send (sync).	(./main.js:156:12)
[17:58:28.91] Trace: Request [Id: 6] 'http://www.advantageonlineshopping.com/order/api/v1/carts/837356736': 
GET /order/api/v1/carts/837356736 HTTP/1.1
Host: www.advantageonlineshopping.com
User-Agent: Mozilla/5.0 (Windows NT 6.1; Win64; x64) AppleWebKit/537.36 (KHTML, like Gecko) Chrome/63.0.3239.132 Safari/537.36
Accept: application/json, text/plain, */*
Accept-Encoding: gzip, deflate
Accept-Language: en-US,en;q=0.9
Authorization: Basic TWVyY3VyeTpNZXJjdXJ5
Referer: http://www.advantageonlineshopping.com/


[17:58:28.91] Debug: Request [Id: 6]: GET 'http://www.advantageonlineshopping.com/order/api/v1/carts/837356736' started.
[17:58:28.91] Trace: Request [Id: 6]: Connection reused from 192.168.58.129:50046 to 107.23.171.213:80.
[17:58:28.95] Debug: Request [Id: 6]: GET 'http://www.advantageonlineshopping.com/order/api/v1/carts/837356736' done. Status 200 . HTTP/1.1
[17:58:28.95] Trace: Response 'http://www.advantageonlineshopping.com/order/api/v1/carts/837356736': 
HTTP/1.1 200 
Transfer-Encoding: chunked
Cache-Control: no-store
Connection: keep-alive
Content-Encoding: gzip
Content-Type: application/json
Date: Tue, 11 May 2021 17:58:26 GMT
Expires: 0
Server: nginx/1.14.0 (Ubuntu)
Set-Cookie: JSESSIONID=7BC51D7560B77BCD62AD3F3A7CACC520; Path=/order; HttpOnly
Vary: accept-encoding
X-Content-Type-Options: nosniff
X-Frame-Options: DENY
X-Xss-Protection: 1; mode=block


[17:58:28.95] Info: WebRequest [Id: 6] 'http://www.advantageonlineshopping.com/order/api/v1/carts/837356736' completed. (1 request(s) sent, 421 bytes downloaded)	(./main.js:156:12)
[17:58:28.95] Debug: Parameter userID (sequential) is taken from row 0
[17:58:28.95] Info: Parameter Substitution: 'userID = Mercury'	(./main.js:158:52)
[17:58:28.95] Debug: Parameter userPWD (same as userID) is taken from row 0
[17:58:28.95] Info: Parameter Substitution: 'userPWD = Mercury'	(./main.js:158:76)
[17:58:28.96] Info: Login passed for: [Mercury : Mercury]	(./main.js:158:14)
[17:58:28.96] Info: Transaction 'AOS_login' ended with a 'Passed' status (Duration: 105 ms., ThinkTime: 0 ms.).	(./main.js:159:13)
[17:58:28.96] Info: Sleeping for 3.308s.	(./main.js:166:10)
[17:58:32.27] Info: Transaction 'AOS_logout' started.	(./main.js:168:9)
[17:58:32.27] Info: WebRequest [Id: 7] 'https://www.advantageonlineshopping.com/accountservice/ws/AccountLogoutRequest' registered to send (sync).	(./main.js:196:8)
[17:58:32.27] Trace: Request [Id: 7] 'https://www.advantageonlineshopping.com/accountservice/ws/AccountLogoutRequest': 
POST /accountservice/ws/AccountLogoutRequest HTTP/1.1
Host: www.advantageonlineshopping.com
User-Agent: Mozilla/5.0 (Windows NT 6.1; Win64; x64) AppleWebKit/537.36 (KHTML, like Gecko) Chrome/63.0.3239.132 Safari/537.36
Content-Length: 497
Accept: application/xml, text/xml, */*; q=0.01
Accept-Encoding: gzip, deflate
Accept-Language: en-US,en;q=0.9
Content-Type: text/xml; charset=UTF-8
Origin: http://www.advantageonlineshopping.com
Referer: http://www.advantageonlineshopping.com/
Soapaction: com.advantage.online.store.accountserviceAccountLogoutRequest
X-Requested-With: XMLHttpRequest

<?xml version="1.0" encoding="UTF-8"?>
<soap:Envelope xmlns:soap="http://schemas.xmlsoap.org/soap/envelope/"
               xmlns:xsd="http://www.w3.org/2001/XMLSchema" xmlns:xsi="http://www.w3.org/2001/XMLSchema-instance">
    <soap:Body>
        <AccountLogoutRequest xmlns="com.advantage.online.store.accountservice">
            <loginUser>837356736</loginUser>
            <base64Token>Basic TWVyY3VyeTpNZXJjdXJ5</base64Token>
        </AccountLogoutRequest>
    </soap:Body>
</soap:Envelope>
[17:58:32.27] Debug: Request [Id: 7]: POST 'https://www.advantageonlineshopping.com/accountservice/ws/AccountLogoutRequest' started.
[17:58:32.27] Trace: Request [Id: 7]: Connection reused from 192.168.58.129:50003 to 107.23.171.213:443.
[17:58:32.33] Debug: Request [Id: 7]: POST 'https://www.advantageonlineshopping.com/accountservice/ws/AccountLogoutRequest' done. Status 200 OK. HTTP/2.0
[17:58:32.33] Trace: Response 'https://www.advantageonlineshopping.com/accountservice/ws/AccountLogoutRequest': 
HTTP/2.0 200 OK
Content-Length: 402
Accept: text/xml, text/html, image/gif, image/jpeg, *; q=.2, */*; q=.2
Access-Control-Allow-Headers: Origin, X-Requested-With, Content-Type, Accept, Key, soapaction
Access-Control-Allow-Methods: POST, GET, OPTIONS, DELETE
Access-Control-Allow-Origin: *
Access-Control-Max-Age: 3600
Access-Control-Request-Method: POST, GET, OPTIONS, DELETE
Cache-Control: no-store
Content-Type: text/xml;charset=utf-8
Date: Tue, 11 May 2021 17:58:29 GMT
Expires: 0
Pragma: no-cache
Server: nginx/1.14.0 (Ubuntu)
Soapaction: ""
Strict-Transport-Security: max-age=31536000; includeSubDomains; preload
X-Content-Type-Options: nosniff
X-Frame-Options: DENY
X-Xss-Protection: 1; mode=block


[17:58:32.33] Info: WebRequest [Id: 7] 'https://www.advantageonlineshopping.com/accountservice/ws/AccountLogoutRequest' completed. (1 request(s) sent, 1127 bytes downloaded)	(./main.js:196:8)
[17:58:32.33] Info: Saving parameter 'isLogoutSuccess = true'	(./main.js:196:8)
[17:58:32.33] Info: Transaction 'AOS_logout' ended with a 'Passed' status (Duration: 59 ms., ThinkTime: 0 ms.).	(./main.js:200:13)
[17:58:32.33] Info: Ending iteration 1.
[17:58:32.33] Info: Starting finalize.
[17:58:32.33] Info: Ending finalize.
